Сборка начата 17.12.2015 14:08:42.
     1>Проект "C:\Labs\2\Pong\Pong\Pong.vcxproj" в узле 2 (целевые объекты Build).
     1>ClCompile:
         C:\Program Files (x86)\Microsoft Visual Studio 14.0\VC\bin\CL.exe /c /IC:/SFML/include /ZI /nologo /W3 /WX- /sdl /Od /Oy- /D SFML_DYNAMIC /D _MBCS /D _MBCS /Gm /EHsc /RTC1 /MDd /GS /fp:precise /Zc:wchar_t /Zc:forScope /Zc:inline /Fo"Debug\\" /Fd"Debug\vc140.pdb" /Gd /TP /analyze- /errorReport:prompt main.cpp
         main.cpp
     1>c:\labs\2\pong\pong\vars.h(19): warning C4305: аргумент: усечение из "double" к "float"
     1>c:\labs\2\pong\pong\main.cpp(24): warning C4244: аргумент: преобразование "const int" в "float", возможна потеря данных
     1>c:\labs\2\pong\pong\main.cpp(27): warning C4244: аргумент: преобразование "const int" в "float", возможна потеря данных
     1>c:\labs\2\pong\pong\main.cpp(29): warning C4244: аргумент: преобразование "const int" в "float", возможна потеря данных
     1>c:\labs\2\pong\pong\main.cpp(30): warning C4244: аргумент: преобразование "const int" в "float", возможна потеря данных
     1>c:\labs\2\pong\pong\main.cpp(33): warning C4244: аргумент: преобразование "const int" в "float", возможна потеря данных
     1>c:\labs\2\pong\pong\main.cpp(46): warning C4244: аргумент: преобразование "const int" в "float", возможна потеря данных
     1>c:\labs\2\pong\pong\main.cpp(50): warning C4244: аргумент: преобразование "const int" в "float", возможна потеря данных
     1>c:\labs\2\pong\pong\main.cpp(58): warning C4244: аргумент: преобразование "const int" в "float", возможна потеря данных
     1>c:\labs\2\pong\pong\main.cpp(109): warning C4244: аргумент: преобразование "float" в "const int", возможна потеря данных
     1>c:\labs\2\pong\pong\main.cpp(109): warning C4244: =: преобразование "int" в "float", возможна потеря данных
     1>c:\labs\2\pong\pong\main.cpp(117): warning C4244: аргумент: преобразование "float" в "const int", возможна потеря данных
     1>c:\labs\2\pong\pong\main.cpp(117): warning C4244: =: преобразование "int" в "float", возможна потеря данных
     1>c:\labs\2\pong\pong\main.cpp(126): warning C4244: инициализация: преобразование "float" в "int", возможна потеря данных
     1>c:\labs\2\pong\pong\main.cpp(127): warning C4244: аргумент: преобразование "int" в "float", возможна потеря данных
     1>c:\labs\2\pong\pong\main.cpp(135): warning C4244: инициализация: преобразование "float" в "int", возможна потеря данных
     1>c:\labs\2\pong\pong\main.cpp(136): warning C4244: аргумент: преобразование "int" в "float", возможна потеря данных
     1>c:\labs\2\pong\pong\main.cpp(145): warning C4244: инициализация: преобразование "float" в "int", возможна потеря данных
     1>c:\labs\2\pong\pong\main.cpp(148): error C3688: недопустимый литеральный суффикс "f"; не удалось найти литеральный оператор или шаблон литерального оператора "operator ""f"
     1>c:\labs\2\pong\pong\main.cpp(156): warning C4244: инициализация: преобразование "float" в "int", возможна потеря данных
     1>c:\labs\2\pong\pong\main.cpp(173): warning C4305: =: усечение из "double" к "float"
     1>c:\labs\2\pong\pong\main.cpp(174): warning C4305: =: усечение из "double" к "float"
     1>c:\labs\2\pong\pong\main.cpp(188): warning C4305: =: усечение из "double" к "float"
     1>c:\labs\2\pong\pong\main.cpp(189): warning C4305: =: усечение из "double" к "float"
     1>Сборка проекта "C:\Labs\2\Pong\Pong\Pong.vcxproj" завершена (целевые объекты Build) с ошибкой.

Ошибка сборки.

Затраченное время: 00:00:01.75
